TN:
SF:/home/alex/sources/vue-introjs/tests/unit/index.js
FNF:0
FNH:0
DA:3,1
DA:6,1
DA:7,1
DA:12,1
DA:13,1
LF:5
LH:5
BRF:0
BRH:0
end_of_record
TN:
SF:/home/alex/sources/vue-introjs/tests/unit/specs/directives.spec.js
FN:5,(anonymous_0)
FN:6,(anonymous_1)
FN:15,(anonymous_2)
FN:24,(anonymous_3)
FN:33,(anonymous_4)
FN:42,(anonymous_5)
FN:51,(anonymous_6)
FN:60,(anonymous_7)
FN:69,(anonymous_8)
FN:78,(anonymous_9)
FN:87,(anonymous_10)
FN:99,(anonymous_11)
FN:110,(anonymous_12)
FN:111,(anonymous_13)
FN:120,(anonymous_14)
FN:121,(anonymous_15)
FN:130,(anonymous_16)
FN:132,(anonymous_17)
FN:152,(anonymous_18)
FN:153,(anonymous_19)
FN:162,(anonymous_20)
FN:163,(anonymous_21)
FNF:22
FNH:20
FNDA:1,(anonymous_0)
FNDA:1,(anonymous_1)
FNDA:1,(anonymous_2)
FNDA:1,(anonymous_3)
FNDA:1,(anonymous_4)
FNDA:1,(anonymous_5)
FNDA:1,(anonymous_6)
FNDA:1,(anonymous_7)
FNDA:1,(anonymous_8)
FNDA:1,(anonymous_9)
FNDA:1,(anonymous_10)
FNDA:1,(anonymous_11)
FNDA:1,(anonymous_12)
FNDA:0,(anonymous_13)
FNDA:1,(anonymous_14)
FNDA:1,(anonymous_15)
FNDA:1,(anonymous_16)
FNDA:1,(anonymous_17)
FNDA:1,(anonymous_18)
FNDA:1,(anonymous_19)
FNDA:1,(anonymous_20)
FNDA:0,(anonymous_21)
DA:5,1
DA:6,1
DA:7,1
DA:11,1
DA:12,1
DA:15,1
DA:16,1
DA:20,1
DA:21,1
DA:24,1
DA:25,1
DA:29,1
DA:30,1
DA:33,1
DA:34,1
DA:38,1
DA:39,1
DA:42,1
DA:43,1
DA:47,1
DA:48,1
DA:51,1
DA:52,1
DA:56,1
DA:57,1
DA:60,1
DA:61,1
DA:65,1
DA:66,1
DA:69,1
DA:70,1
DA:74,1
DA:75,1
DA:78,1
DA:79,1
DA:83,1
DA:84,1
DA:87,1
DA:88,1
DA:94,1
DA:95,1
DA:96,1
DA:99,1
DA:100,1
DA:106,1
DA:107,1
DA:110,1
DA:111,1
DA:112,1
DA:116,1
DA:117,1
DA:120,1
DA:121,1
DA:122,1
DA:126,1
DA:127,1
DA:130,1
DA:131,1
DA:132,1
DA:133,1
DA:138,1
DA:139,1
DA:141,1
DA:148,1
DA:149,1
DA:152,1
DA:153,1
DA:154,1
DA:158,1
DA:159,1
DA:162,1
DA:163,1
DA:164,1
DA:168,1
DA:169,1
LF:75
LH:75
BRF:0
BRH:0
end_of_record
TN:
SF:/home/alex/sources/vue-introjs/src/directives/index.js
FNF:0
FNH:0
DA:13,1
LF:1
LH:1
BRF:0
BRH:0
end_of_record
TN:
SF:/home/alex/sources/vue-introjs/src/directives/intro.js
FNF:0
FNH:0
DA:3,3
DA:4,3
LF:2
LH:2
BRF:0
BRH:0
end_of_record
TN:
SF:/home/alex/sources/vue-introjs/src/directives/step.js
FNF:0
FNH:0
DA:3,1
LF:1
LH:1
BRF:0
BRH:0
end_of_record
TN:
SF:/home/alex/sources/vue-introjs/src/directives/position.js
FNF:0
FNH:0
DA:3,1
LF:1
LH:1
BRF:0
BRH:0
end_of_record
TN:
SF:/home/alex/sources/vue-introjs/src/directives/tooltip-class.js
FNF:0
FNH:0
DA:3,1
LF:1
LH:1
BRF:0
BRH:0
end_of_record
TN:
SF:/home/alex/sources/vue-introjs/src/directives/highlight-class.js
FNF:0
FNH:0
DA:3,1
LF:1
LH:1
BRF:0
BRH:0
end_of_record
TN:
SF:/home/alex/sources/vue-introjs/src/directives/scroll-to.js
FNF:0
FNH:0
DA:3,1
LF:1
LH:1
BRF:0
BRH:0
end_of_record
TN:
SF:/home/alex/sources/vue-introjs/src/directives/disable-integration.js
FNF:0
FNH:0
DA:3,1
LF:1
LH:1
BRF:0
BRH:0
end_of_record
TN:
SF:/home/alex/sources/vue-introjs/src/directives/hint.js
FNF:0
FNH:0
DA:3,1
DA:4,1
LF:2
LH:2
BRF:0
BRH:0
end_of_record
TN:
SF:/home/alex/sources/vue-introjs/src/directives/hint-position.js
FNF:0
FNH:0
DA:3,1
LF:1
LH:1
BRF:0
BRH:0
end_of_record
TN:
SF:/home/alex/sources/vue-introjs/src/directives/autostart.js
FN:6,startTour
FN:29,(anonymous_1)
FN:37,(anonymous_2)
FN:40,(anonymous_3)
FN:53,(anonymous_4)
FNF:5
FNH:1
FNDA:0,startTour
FNDA:5,(anonymous_1)
FNDA:0,(anonymous_2)
FNDA:0,(anonymous_3)
FNDA:0,(anonymous_4)
DA:4,1
DA:7,0
DA:8,0
DA:10,0
DA:13,0
DA:15,0
DA:16,0
DA:20,0
DA:21,0
DA:23,0
DA:24,0
DA:30,5
DA:31,2
DA:35,3
DA:36,3
DA:37,3
DA:38,0
DA:40,1
DA:41,0
DA:45,1
DA:46,1
DA:47,0
DA:51,1
DA:52,0
DA:53,0
DA:54,0
DA:56,0
DA:57,0
DA:58,0
DA:59,0
DA:61,0
DA:65,1
DA:66,1
DA:67,1
DA:70,0
DA:71,0
DA:72,0
DA:74,0
LF:38
LH:13
BRDA:7,0,0,0
BRDA:7,0,1,0
BRDA:15,1,0,0
BRDA:15,1,1,0
BRDA:20,2,0,0
BRDA:20,2,1,0
BRDA:23,3,0,0
BRDA:23,3,1,0
BRDA:30,4,0,2
BRDA:30,4,1,3
BRDA:35,5,0,3
BRDA:35,5,1,0
BRDA:46,6,0,0
BRDA:46,6,1,1
BRDA:51,7,0,0
BRDA:51,7,1,1
BRDA:65,8,0,1
BRDA:65,8,1,0
BRF:18
BRH:6
end_of_record
TN:
SF:/home/alex/sources/vue-introjs/src/utils.js
FN:1,waitForDirectives
FN:2,(anonymous_1)
FN:6,(anonymous_2)
FNF:3
FNH:0
FNDA:0,waitForDirectives
FNDA:0,(anonymous_1)
FNDA:0,(anonymous_2)
DA:2,0
DA:3,0
DA:4,0
DA:6,0
DA:7,0
LF:5
LH:0
BRDA:3,0,0,0
BRDA:3,0,1,0
BRF:2
BRH:0
end_of_record
TN:
SF:/home/alex/sources/vue-introjs/src/directives/if.js
FNF:0
FNH:0
DA:3,2
DA:4,1
DA:5,1
LF:3
LH:3
BRDA:3,0,0,1
BRDA:3,0,1,1
BRF:2
BRH:2
end_of_record
TN:
SF:/home/alex/sources/vue-introjs/tests/unit/specs/plugin.spec.js
FN:7,(anonymous_0)
FN:8,(anonymous_1)
FN:14,(anonymous_2)
FN:23,(anonymous_3)
FN:33,(anonymous_4)
FN:40,(anonymous_5)
FNF:6
FNH:6
FNDA:1,(anonymous_0)
FNDA:1,(anonymous_1)
FNDA:1,(anonymous_2)
FNDA:1,(anonymous_3)
FNDA:1,(anonymous_4)
FNDA:1,(anonymous_5)
DA:7,1
DA:8,1
DA:9,1
DA:10,1
DA:11,1
DA:14,1
DA:15,1
DA:16,1
DA:17,1
DA:18,1
DA:19,1
DA:20,1
DA:23,1
DA:24,1
DA:25,1
DA:26,1
DA:27,1
DA:28,1
DA:29,1
DA:30,1
DA:33,1
DA:34,1
DA:35,1
DA:36,1
DA:37,1
DA:40,1
DA:41,1
DA:42,1
LF:28
LH:28
BRF:0
BRH:0
end_of_record
TN:
SF:/home/alex/sources/vue-introjs/src/index.js
FN:13,(anonymous_0)
FN:38,autoregister
FNF:2
FNH:2
FNDA:2,(anonymous_0)
FNDA:2,autoregister
DA:5,1
DA:9,1
DA:11,1
DA:13,1
DA:14,2
DA:17,1
DA:18,1
DA:22,1
DA:23,1
DA:24,1
DA:25,1
DA:26,1
DA:27,1
DA:28,1
DA:29,1
DA:30,1
DA:31,1
DA:32,1
DA:39,2
DA:40,1
DA:44,1
LF:21
LH:21
BRDA:39,0,0,1
BRDA:39,0,1,1
BRF:2
BRH:2
end_of_record
TN:
SF:/home/alex/sources/vue-introjs/src/timer.js
FN:15,(anonymous_0)
FNF:1
FNH:0
FNDA:0,(anonymous_0)
DA:4,1
DA:10,1
DA:14,1
DA:15,1
DA:16,0
DA:17,0
DA:21,0
LF:7
LH:4
BRF:0
BRH:0
end_of_record
TN:
SF:/home/alex/sources/vue-introjs/tests/unit/specs/timer.spec.js
FNF:0
FNH:0
LF:0
LH:0
BRF:0
BRH:0
end_of_record
